<?xml version="1.0" encoding="UTF-8"?>
<!-- Generated by org.testng.reporters.JUnitReportReporter -->
<testsuite skipped="0" hostname="DESKTOP-G9O7QCU" name="com.selenium.MavenProject.TestNGForMaven" tests="1" failures="0" timestamp="09 Jun 2018 04:54:25 GMT" time="0.008" errors="0">
  <testcase name="f" time="0.008" classname="com.selenium.MavenProject.TestNGForMaven"/>
</testsuite> <!-- com.selenium.MavenProject.TestNGForMaven -->
