<?xml version="1.0" encoding="UTF-8"?>
<!-- Generated by org.testng.reporters.JUnitReportReporter -->
<testsuite skipped="0" hostname="DESKTOP-G9O7QCU" name="com.selenium.MavenProject.AppiumClass" tests="1" failures="0" timestamp="02 Jun 2018 12:20:14 GMT" time="2.726" errors="0">
  <testcase name="f" time="2.726" classname="com.selenium.MavenProject.AppiumClass"/>
</testsuite> <!-- com.selenium.MavenProject.AppiumClass -->
