<?xml version="1.0" encoding="UTF-8"?>
<!-- Generated by org.testng.reporters.JUnitReportReporter -->
<testsuite hostname="DESKTOP-G9O7QCU" name="com.selenium.MavenProject.TestNGForMaven" tests="1" failures="0" timestamp="9 Jun 2018 04:54:43 GMT" time="0.002" errors="0">
  <testcase name="f" time="0.002" classname="com.selenium.MavenProject.TestNGForMaven"/>
</testsuite> <!-- com.selenium.MavenProject.TestNGForMaven -->
